<?xml version="1.0" encoding="UTF-8"?>
<!-- Generated by org.testng.reporters.JUnitReportReporter -->
<testsuite hostname="kiran" failures="0" tests="1" name="FitPeoValidation.FitPeoApplication" time="31.298" errors="0" timestamp="2024-08-03T19:35:27 IST" skipped="0">
  <testcase classname="FitPeoValidation.FitPeoApplication" name="TestFitPeoApplication" time="31.298"/>
</testsuite> <!-- FitPeoValidation.FitPeoApplication -->
